T51CC 8105:278 SEGGER J-Link V6.48a Log File (0000ms, 84973ms total)
T51CC 8105:278 DLL Compiled: Jul 30 2019 15:16:09 (0000ms, 84973ms total)
T51CC 8105:278 Logging started @ 2020-03-09 23:10 (0000ms, 84973ms total)
T51CC 8105:278 JLINK_EMU_SelectByUSBSN(SerialNo = 801002461)  returns 0xFFFFFFFF (0001ms, 84974ms total)
T51CC 8105:279 JLINK_OpenEx(...)
  ***** Error: Cannot connect to J-Link via USB.  returns "Cannot connect to J-Link via USB." (1027ms, 86001ms total)
T51CC 8106:306 JLINK_ExecCommand("ProjectFile = C:\Users\david\Documents\GitHub\EE326_firmware\webcam_firmware2\webcam_firmware2\jlink.config", ...).   returns 0x00 (0002ms, 86003ms total)
T3434 8106:308 JLINK_EMU_GetList(InterfaceMask = 0x00000001, MaxInfos = 0x00000032)   returns 0x00 (0001ms, 86004ms total)
T3434 8106:309 JLINK_EMU_GetList(InterfaceMask = 0x00000002, MaxInfos = 0x00000032)   returns 0x00 (0024ms, 86028ms total)
T51CC 8106:333 JLINK_ExecCommand("Device = AT91SAM4S8B", ...). 
  ***** API Error: API JLINK_ExecCommand function called before JLINKARM_Open()
T51CC 8106:333 
  ***** Error: Cannot connect to J-Link via USB.  returns 0x00 (0000ms, 86241ms total)

  ***** API Error: API JLINK_TIF_Select function called before JLINKARM_Open()
T51CC 8106:546 
  ***** Error: Cannot connect to J-Link via USB.
  ***** API Error: API JLINK_SetSpeed function called before JLINKARM_Open()
T51CC 8107:017 
  ***** Error: Cannot connect to J-Link via USB.JLINK_EMU_GetList(InterfaceMask = 0x00000001, MaxInfos = 0x00000032)   returns 0x00 (0000ms, 88900ms total)
T51CC 8109:206 JLINK_ResetPullsRESET(OFF) (0000ms, 88900ms total)

  ***** API Error: API JLINK_Connect function called before JLINKARM_Open()
T3434 8109:206 JLINK_EMU_GetList(InterfaceMask = 0x00000002, MaxInfos = 0x00000032)   returns 0x00 (0023ms, 88923ms total)
T51CC 8109:229 
  ***** Error: Cannot connect to J-Link via USB.JLINK_EMU_GetList(InterfaceMask = 0x00000001, MaxInfos = 0x00000032) 
  ***** API Error: API JLINK_GetBPInfo function called before JLINKARM_Open()  returns 0x00 (0000ms, 99504ms total)
